TN:
SF:src/App.jsx
FN:1,(empty-report)
FNF:1
FNH:0
FNDA:0,(empty-report)
DA:1,0
DA:12,0
DA:13,0
DA:14,0
DA:15,0
DA:16,0
DA:18,0
DA:19,0
DA:20,0
DA:21,0
DA:22,0
DA:23,0
DA:25,0
DA:26,0
DA:27,0
DA:28,0
DA:29,0
DA:30,0
DA:31,0
DA:32,0
DA:33,0
DA:34,0
DA:35,0
DA:36,0
DA:37,0
DA:38,0
DA:39,0
DA:40,0
DA:41,0
DA:42,0
DA:43,0
DA:44,0
DA:45,0
DA:47,0
LF:34
LH:0
BRDA:1,0,0,0
BRF:1
BRH:0
end_of_record
TN:
SF:src/components/HelpButton/HelpButton.jsx
FN:1,(empty-report)
FNF:1
FNH:0
FNDA:0,(empty-report)
DA:1,0
DA:4,0
DA:5,0
DA:6,0
DA:7,0
DA:8,0
DA:9,0
DA:10,0
DA:11,0
DA:12,0
DA:13,0
DA:14,0
DA:15,0
DA:16,0
DA:17,0
DA:18,0
DA:19,0
DA:20,0
DA:21,0
DA:22,0
DA:23,0
DA:24,0
DA:25,0
DA:26,0
DA:27,0
DA:28,0
DA:29,0
DA:31,0
DA:32,0
DA:33,0
DA:35,0
DA:36,0
DA:37,0
DA:38,0
DA:39,0
DA:40,0
DA:41,0
DA:43,0
DA:44,0
DA:45,0
DA:46,0
DA:47,0
DA:48,0
DA:49,0
DA:50,0
DA:51,0
DA:52,0
DA:54,0
DA:56,0
LF:49
LH:0
BRDA:1,0,0,0
BRF:1
BRH:0
end_of_record
TN:
SF:src/components/ImageDisplay/ImageDisplay.jsx
FN:1,(empty-report)
FNF:1
FNH:0
FNDA:0,(empty-report)
DA:1,0
DA:4,0
DA:5,0
DA:6,0
DA:7,0
DA:8,0
DA:9,0
DA:10,0
DA:11,0
DA:12,0
LF:10
LH:0
BRDA:1,0,0,0
BRF:1
BRH:0
end_of_record
TN:
SF:src/components/Layout/Layout.jsx
FN:1,(empty-report)
FNF:1
FNH:0
FNDA:0,(empty-report)
DA:1,0
DA:7,0
DA:8,0
DA:9,0
DA:10,0
DA:12,0
DA:13,0
DA:14,0
DA:15,0
DA:17,0
DA:18,0
DA:19,0
DA:20,0
DA:22,0
DA:23,0
DA:24,0
DA:25,0
DA:26,0
DA:27,0
DA:28,0
DA:29,0
DA:30,0
DA:31,0
DA:32,0
DA:33,0
DA:34,0
DA:35,0
DA:36,0
DA:37,0
DA:38,0
DA:39,0
DA:40,0
DA:41,0
DA:43,0
DA:44,0
DA:45,0
DA:46,0
DA:47,0
DA:48,0
DA:49,0
DA:51,0
LF:41
LH:0
BRDA:1,0,0,0
BRF:1
BRH:0
end_of_record
TN:
SF:src/components/LevelUp/LevelUp.jsx
FN:4,LevelUp
FN:6,handleKeyDown
FN:15,onClick
FNF:3
FNH:2
FNDA:5,LevelUp
FNDA:0,handleKeyDown
FNDA:2,onClick
DA:1,1
DA:4,5
DA:5,5
DA:6,5
DA:7,0
DA:8,0
DA:9,5
DA:10,5
DA:11,5
DA:13,5
DA:14,5
DA:15,5
DA:16,5
DA:17,5
DA:18,15
DA:20,15
DA:21,5
DA:22,5
DA:23,5
DA:24,5
DA:25,5
DA:26,5
DA:27,5
DA:29,5
DA:30,5
DA:31,5
DA:33,5
LF:27
LH:25
BRDA:4,0,0,5
BRDA:5,1,0,5
BRDA:10,2,0,5
BRDA:15,3,0,2
BRDA:17,4,0,15
BRF:5
BRH:5
end_of_record
TN:
SF:src/components/ProgressBar/ProgressBar.jsx
FN:4,ProgressBar
FNF:1
FNH:1
FNDA:7,ProgressBar
DA:1,1
DA:4,7
DA:5,7
DA:7,7
DA:8,7
DA:9,7
DA:10,7
DA:11,7
DA:12,7
DA:13,7
DA:14,7
DA:15,7
DA:16,7
DA:17,7
DA:19,7
LF:15
LH:15
BRDA:4,0,0,7
BRDA:5,1,0,6
BRDA:5,2,0,1
BRDA:9,3,0,1
BRF:4
BRH:4
end_of_record
TN:
SF:src/components/StarRating/StarRating.jsx
FN:4,StarRating
FNF:1
FNH:1
FNDA:5,StarRating
DA:1,1
DA:4,5
DA:5,5
DA:6,5
DA:7,5
DA:8,17
DA:9,17
DA:10,17
DA:11,5
DA:12,5
DA:14,5
LF:11
LH:11
BRDA:4,0,0,5
BRDA:7,1,0,17
BRDA:8,2,0,6
BRDA:8,3,0,11
BRDA:9,4,0,6
BRDA:9,5,0,11
BRF:6
BRH:6
end_of_record
TN:
SF:src/components/VirtualKeyboard/VirtualKeyboard.jsx
FN:16,VirtualKeyboard
FN:17,getKeyClass
FN:35,onClick
FNF:3
FNH:3
FNDA:16,VirtualKeyboard
FNDA:736,getKeyClass
FNDA:1,onClick
DA:1,1
DA:4,1
DA:5,1
DA:6,1
DA:7,1
DA:8,1
DA:9,1
DA:11,1
DA:12,1
DA:13,1
DA:14,1
DA:16,16
DA:17,16
DA:18,736
DA:19,736
DA:20,736
DA:21,736
DA:22,736
DA:24,16
DA:25,16
DA:26,16
DA:27,64
DA:28,64
DA:29,736
DA:30,736
DA:31,736
DA:32,736
DA:33,736
DA:34,736
DA:35,736
DA:36,736
DA:37,736
DA:39,736
DA:40,736
DA:42,64
DA:43,64
DA:44,16
DA:45,16
DA:47,16
LF:39
LH:39
BRDA:16,0,0,16
BRDA:25,1,0,2
BRDA:25,2,0,14
BRDA:17,3,0,736
BRDA:19,4,0,4
BRDA:20,5,0,92
BRDA:26,6,0,64
BRDA:28,7,0,736
BRDA:34,8,0,0
BRDA:37,9,0,0
BRDA:39,10,0,0
BRDA:35,11,0,1
BRF:12
BRH:9
end_of_record
TN:
SF:src/context/AuthContext.jsx
FN:6,AuthProvider
FN:41,login
FN:50,register
FN:59,logout
FNF:4
FNH:3
FNDA:8,AuthProvider
FNDA:1,login
FNDA:0,register
FNDA:1,logout
DA:1,1
DA:4,1
DA:6,1
DA:7,8
DA:8,8
DA:10,8
DA:11,3
DA:12,3
DA:13,3
DA:14,0
DA:15,0
DA:16,0
DA:17,0
DA:18,0
DA:19,0
DA:20,0
DA:21,0
DA:22,3
DA:23,0
DA:24,0
DA:25,0
DA:26,0
DA:27,0
DA:28,0
DA:29,0
DA:30,0
DA:31,0
DA:32,0
DA:33,0
DA:34,0
DA:35,0
DA:36,3
DA:37,3
DA:38,3
DA:39,8
DA:41,8
DA:42,1
DA:43,1
DA:44,1
DA:45,1
DA:46,1
DA:47,1
DA:48,1
DA:50,8
DA:51,0
DA:52,0
DA:53,0
DA:54,0
DA:55,0
DA:56,0
DA:57,0
DA:59,8
DA:60,1
DA:61,1
DA:62,0
DA:63,0
DA:64,0
DA:66,0
DA:67,0
DA:68,1
DA:69,1
DA:70,1
DA:71,1
DA:72,1
DA:74,8
DA:75,8
DA:76,8
DA:77,8
DA:79,8
LF:69
LH:36
BRDA:6,0,0,8
BRDA:10,1,0,3
BRDA:13,2,0,1
BRDA:13,3,0,0
BRDA:22,4,0,0
BRDA:41,5,0,1
BRDA:59,6,0,1
BRDA:61,7,0,0
BRF:8
BRH:5
end_of_record
TN:
SF:src/hooks/useAuth.js
FN:4,useAuth
FNF:1
FNH:1
FNDA:7,useAuth
DA:1,1
DA:4,1
DA:5,7
DA:6,7
DA:7,7
DA:8,7
LF:6
LH:6
BRDA:4,0,0,7
BRDA:6,1,0,0
BRF:2
BRH:1
end_of_record
TN:
SF:src/hooks/useKeyboard.js
FN:11,useKeyboard
FN:78,preventDefault
FN:93,reset
FNF:3
FNH:1
FNDA:46,useKeyboard
FNDA:0,preventDefault
FNDA:0,reset
DA:1,1
DA:3,1
DA:4,1
DA:5,1
DA:6,1
DA:7,1
DA:8,1
DA:9,1
DA:11,1
DA:12,46
DA:13,46
DA:14,46
DA:15,46
DA:16,46
DA:17,46
DA:18,46
DA:20,46
DA:21,46
DA:22,46
DA:24,46
DA:25,17
DA:26,17
DA:27,17
DA:28,17
DA:29,17
DA:30,17
DA:31,46
DA:33,46
DA:34,24
DA:35,24
DA:36,24
DA:37,4
DA:38,46
DA:40,46
DA:41,14
DA:43,13
DA:44,14
DA:46,10
DA:48,10
DA:50,10
DA:51,10
DA:52,10
DA:53,10
DA:54,9
DA:55,9
DA:56,9
DA:58,9
DA:59,9
DA:60,6
DA:61,6
DA:62,10
DA:63,1
DA:64,1
DA:65,1
DA:66,1
DA:67,10
DA:69,10
DA:70,46
DA:72,46
DA:73,36
DA:74,36
DA:75,46
DA:77,46
DA:78,1
DA:79,1
DA:80,46
DA:82,46
DA:83,46
DA:84,46
DA:85,46
DA:86,46
DA:87,46
DA:88,46
DA:89,46
DA:90,46
DA:91,46
DA:92,46
DA:93,46
DA:94,0
DA:95,0
DA:96,0
DA:97,0
DA:98,0
DA:99,46
DA:100,46
DA:101,46
LF:86
LH:81
BRDA:11,0,0,46
BRDA:24,1,0,17
BRDA:33,2,0,24
BRDA:34,3,0,0
BRDA:36,4,0,20
BRDA:36,5,0,4
BRDA:40,6,0,14
BRDA:41,7,0,1
BRDA:41,8,0,13
BRDA:44,9,0,12
BRDA:44,10,0,12
BRDA:44,11,0,11
BRDA:44,12,0,10
BRDA:44,13,0,10
BRDA:44,14,0,3
BRDA:44,15,0,10
BRDA:53,16,0,9
BRDA:56,17,0,8
BRDA:59,18,0,6
BRDA:62,19,0,1
BRDA:52,20,0,15
BRDA:54,21,0,13
BRDA:55,22,0,13
BRDA:63,23,0,2
BRDA:69,24,0,1
BRDA:72,25,0,36
BRDA:74,26,0,36
BRDA:77,27,0,1
BRF:28
BRH:27
end_of_record
TN:
SF:src/hooks/useSpeech.js
FN:20,useSpeech
FN:34,loadVoices
FN:63,utterance.onend
FN:67,utterance.onerror
FNF:4
FNH:2
FNDA:22,useSpeech
FNDA:7,loadVoices
FNDA:0,utterance.onend
FNDA:0,utterance.onerror
DA:1,1
DA:3,1
DA:4,1
DA:5,1
DA:6,1
DA:7,1
DA:8,1
DA:9,1
DA:10,1
DA:12,1
DA:13,1
DA:14,1
DA:15,1
DA:16,1
DA:17,1
DA:18,1
DA:20,1
DA:21,22
DA:22,22
DA:23,22
DA:24,22
DA:25,22
DA:26,22
DA:28,22
DA:29,8
DA:30,1
DA:31,1
DA:32,1
DA:34,7
DA:35,7
DA:36,7
DA:37,7
DA:38,7
DA:39,7
DA:40,7
DA:41,7
DA:43,7
DA:44,7
DA:46,7
DA:47,7
DA:48,7
DA:49,22
DA:51,22
DA:52,7
DA:54,6
DA:55,6
DA:57,6
DA:58,6
DA:59,7
DA:60,7
DA:61,7
DA:63,7
DA:64,0
DA:65,0
DA:66,0
DA:67,7
DA:69,7
DA:70,7
DA:71,22
DA:73,22
DA:74,1
DA:75,1
DA:76,22
DA:78,22
DA:79,1
DA:80,22
DA:82,22
DA:83,1
DA:84,22
DA:86,22
DA:87,2
DA:88,2
DA:89,2
DA:90,1
DA:91,1
DA:92,1
DA:93,1
DA:94,1
DA:95,1
DA:96,22
DA:98,22
DA:99,22
LF:82
LH:79
BRDA:20,0,0,22
BRDA:28,1,0,8
BRDA:29,2,0,1
BRDA:32,3,0,7
BRDA:34,4,0,7
BRDA:40,5,0,0
BRDA:40,6,0,0
BRDA:38,7,0,7
BRDA:38,8,0,0
BRDA:46,9,0,7
BRDA:51,10,0,7
BRDA:52,11,0,6
BRDA:52,12,0,1
BRDA:52,13,0,6
BRDA:59,14,0,0
BRDA:73,15,0,1
BRDA:74,16,0,0
BRDA:78,17,0,1
BRDA:82,18,0,1
BRDA:86,19,0,2
BRDA:89,20,0,1
BRF:21
BRH:16
end_of_record
TN:
SF:src/hooks/useSpeechRecognition.js
FN:5,useSpeechRecognition
FN:25,recognition.onresult
FN:33,recognition.onerror
FN:40,recognition.onend
FNF:4
FNH:4
FNDA:17,useSpeechRecognition
FNDA:1,recognition.onresult
FNDA:1,recognition.onerror
FNDA:1,recognition.onend
DA:1,1
DA:3,1
DA:5,1
DA:6,17
DA:7,17
DA:8,17
DA:9,17
DA:11,17
DA:12,6
DA:13,6
DA:14,1
DA:15,1
DA:16,1
DA:18,5
DA:19,5
DA:20,5
DA:21,5
DA:23,5
DA:25,5
DA:26,1
DA:27,1
DA:28,1
DA:29,1
DA:30,1
DA:31,1
DA:33,5
DA:34,1
DA:35,1
DA:36,1
DA:37,1
DA:38,1
DA:40,5
DA:41,1
DA:42,1
DA:43,1
DA:44,1
DA:46,5
DA:47,5
DA:48,5
DA:50,5
DA:51,0
DA:52,0
DA:53,0
DA:54,0
DA:55,0
DA:56,5
DA:57,17
DA:59,17
DA:60,1
DA:61,1
DA:62,1
DA:63,1
DA:64,1
DA:65,17
DA:67,17
DA:68,17
LF:56
LH:51
BRDA:5,0,0,17
BRDA:11,1,0,6
BRDA:12,2,0,1
BRDA:13,3,0,1
BRDA:16,4,0,5
BRDA:25,5,0,1
BRDA:33,6,0,1
BRDA:40,7,0,1
BRDA:59,8,0,1
BRF:9
BRH:9
end_of_record
TN:
SF:src/pages/Dashboard.jsx
FN:12,Dashboard
FN:32,startLesson
FN:65,onClick
FNF:3
FNH:3
FNDA:11,Dashboard
FNDA:2,startLesson
FNDA:2,onClick
DA:1,1
DA:7,1
DA:8,1
DA:9,1
DA:10,1
DA:12,11
DA:13,11
DA:14,11
DA:15,11
DA:16,11
DA:17,11
DA:19,11
DA:20,5
DA:21,5
DA:22,5
DA:23,5
DA:24,5
DA:25,5
DA:26,5
DA:27,5
DA:28,5
DA:29,5
DA:30,11
DA:32,11
DA:33,2
DA:34,2
DA:35,2
DA:36,2
DA:37,2
DA:38,2
DA:39,0
DA:40,0
DA:41,2
DA:43,11
DA:45,5
DA:46,5
DA:47,5
DA:48,5
DA:49,11
DA:50,11
DA:51,11
DA:52,11
DA:53,11
DA:54,11
DA:55,11
DA:56,11
DA:57,11
DA:59,11
DA:60,11
DA:61,10
DA:62,10
DA:63,10
DA:64,10
DA:65,10
DA:66,10
DA:67,10
DA:68,10
DA:69,10
DA:70,10
DA:71,10
DA:72,10
DA:74,11
DA:75,11
DA:76,11
DA:78,11
LF:65
LH:63
BRDA:12,0,0,11
BRDA:43,1,0,6
BRDA:43,2,0,5
BRDA:53,3,0,5
BRDA:54,4,0,5
BRDA:55,5,0,5
BRDA:55,6,0,0
BRDA:19,7,0,5
BRDA:23,8,0,5
BRDA:29,9,0,5
BRDA:32,10,0,2
BRDA:35,11,0,1
BRDA:36,12,0,0
BRDA:38,13,0,0
BRDA:36,14,0,1
BRDA:36,15,0,0
BRDA:60,16,0,10
BRDA:61,17,0,0
BRDA:63,18,0,0
BRDA:65,19,0,2
BRF:20
BRH:14
end_of_record
TN:
SF:src/pages/Lesson.jsx
FN:19,Lesson
FN:169,normalize
FN:171,stripSpaces
FN:173,tryExtractTarget
FN:199,handleSpeech
FN:247,nextLesson
FN:264,handleNavigateLesson
FN:281,onClick
FN:296,onClick
FN:386,onClick
FN:478,onClose
FNF:11
FNH:5
FNDA:23,Lesson
FNDA:3,normalize
FNDA:0,stripSpaces
FNDA:1,tryExtractTarget
FNDA:1,handleSpeech
FNDA:0,nextLesson
FNDA:0,handleNavigateLesson
FNDA:0,onClick
FNDA:0,onClick
FNDA:1,onClick
FNDA:0,onClose
DA:1,1
DA:12,1
DA:14,1
DA:15,1
DA:16,1
DA:17,1
DA:19,23
DA:20,23
DA:21,23
DA:22,23
DA:23,23
DA:24,23
DA:25,23
DA:26,23
DA:27,23
DA:28,23
DA:29,23
DA:30,23
DA:31,23
DA:32,23
DA:33,23
DA:34,23
DA:35,23
DA:37,23
DA:38,23
DA:39,23
DA:40,23
DA:42,23
DA:43,23
DA:45,23
DA:46,23
DA:48,23
DA:49,2
DA:50,2
DA:51,23
DA:53,23
DA:54,23
DA:56,23
DA:57,1
DA:58,1
DA:59,1
DA:60,1
DA:61,1
DA:62,1
DA:63,1
DA:64,23
DA:66,23
DA:67,23
DA:68,23
DA:69,23
DA:70,23
DA:72,23
DA:74,23
DA:76,23
DA:77,5
DA:78,1
DA:79,1
DA:80,1
DA:81,1
DA:82,1
DA:84,1
DA:85,0
DA:86,0
DA:88,1
DA:89,1
DA:90,1
DA:91,1
DA:92,1
DA:93,1
DA:94,1
DA:95,1
DA:96,1
DA:97,0
DA:98,0
DA:99,0
DA:100,0
DA:101,1
DA:102,0
DA:103,0
DA:104,0
DA:105,1
DA:106,1
DA:107,1
DA:108,0
DA:109,0
DA:110,1
DA:111,1
DA:112,1
DA:113,23
DA:115,23
DA:116,18
DA:117,1
DA:118,1
DA:119,1
DA:120,0
DA:121,0
DA:122,1
DA:123,23
DA:125,23
DA:126,4
DA:127,4
DA:128,4
DA:129,4
DA:130,4
DA:131,4
DA:132,4
DA:133,4
DA:134,4
DA:135,4
DA:136,4
DA:137,4
DA:138,4
DA:139,4
DA:141,4
DA:142,4
DA:143,4
DA:144,4
DA:145,4
DA:146,4
DA:147,4
DA:148,4
DA:149,4
DA:151,4
DA:153,4
DA:154,4
DA:155,4
DA:156,4
DA:157,4
DA:158,4
DA:160,4
DA:161,4
DA:162,4
DA:163,0
DA:164,0
DA:165,4
DA:166,4
DA:167,23
DA:169,23
DA:171,23
DA:173,23
DA:174,1
DA:175,1
DA:177,1
DA:179,0
DA:181,0
DA:182,0
DA:184,0
DA:185,0
DA:186,0
DA:187,0
DA:188,0
DA:190,0
DA:191,0
DA:192,0
DA:194,0
DA:196,0
DA:197,1
DA:199,23
DA:200,1
DA:201,1
DA:202,1
DA:203,1
DA:204,1
DA:205,1
DA:206,1
DA:208,1
DA:209,1
DA:211,1
DA:212,1
DA:213,1
DA:214,1
DA:216,1
DA:217,1
DA:218,1
DA:220,1
DA:221,1
DA:222,1
DA:223,1
DA:224,1
DA:225,1
DA:226,1
DA:227,1
DA:228,0
DA:229,0
DA:230,0
DA:231,0
DA:232,0
DA:233,1
DA:234,1
DA:235,0
DA:236,0
DA:237,0
DA:238,0
DA:239,0
DA:240,1
DA:241,0
DA:242,0
DA:243,0
DA:244,1
DA:245,1
DA:247,23
DA:248,0
DA:249,0
DA:250,0
DA:251,0
DA:252,0
DA:253,0
DA:254,0
DA:255,0
DA:256,0
DA:257,0
DA:258,0
DA:259,0
DA:260,0
DA:261,0
DA:262,0
DA:264,23
DA:265,0
DA:266,0
DA:267,0
DA:268,0
DA:270,23
DA:272,23
DA:273,23
DA:275,23
DA:276,23
DA:278,23
DA:279,23
DA:280,23
DA:281,23
DA:283,23
DA:284,23
DA:285,23
DA:286,23
DA:287,23
DA:288,23
DA:289,23
DA:290,23
DA:291,23
DA:292,23
DA:293,23
DA:295,23
DA:296,0
DA:297,0
DA:298,0
DA:301,23
DA:302,0
DA:303,0
DA:304,0
DA:305,0
DA:306,0
DA:307,0
DA:308,0
DA:309,0
DA:310,0
DA:312,0
DA:313,0
DA:315,0
DA:316,0
DA:319,23
DA:320,23
DA:321,23
DA:322,14
DA:323,14
DA:324,14
DA:326,0
DA:328,14
DA:331,23
DA:332,23
DA:333,14
DA:334,14
DA:335,14
DA:337,0
DA:338,0
DA:339,0
DA:340,0
DA:341,0
DA:343,0
DA:344,0
DA:345,0
DA:346,0
DA:348,23
DA:350,23
DA:351,23
DA:352,23
DA:353,23
DA:354,0
DA:355,0
DA:356,0
DA:359,23
DA:360,23
DA:361,23
DA:362,23
DA:363,23
DA:364,0
DA:365,14
DA:366,14
DA:367,23
DA:368,23
DA:369,23
DA:370,23
DA:371,23
DA:372,23
DA:373,23
DA:374,23
DA:375,23
DA:376,23
DA:377,23
DA:378,23
DA:379,23
DA:381,23
DA:382,14
DA:383,14
DA:384,14
DA:385,14
DA:386,14
DA:387,1
DA:388,1
DA:389,0
DA:390,0
DA:391,0
DA:392,0
DA:393,0
DA:394,0
DA:395,0
DA:396,0
DA:397,0
DA:398,0
DA:399,1
DA:400,1
DA:401,1
DA:402,0
DA:403,0
DA:404,1
DA:405,14
DA:406,14
DA:407,14
DA:409,14
DA:411,14
DA:412,14
DA:413,14
DA:414,14
DA:415,14
DA:416,14
DA:417,14
DA:418,14
DA:419,14
DA:421,23
DA:422,0
DA:423,0
DA:424,0
DA:426,23
DA:427,5
DA:428,5
DA:429,5
DA:430,0
DA:432,5
DA:433,0
DA:435,5
DA:437,23
DA:439,23
DA:440,23
DA:441,9
DA:442,9
DA:443,9
DA:444,23
DA:445,23
DA:447,23
DA:448,23
DA:449,23
DA:450,23
DA:451,23
DA:452,23
DA:454,23
DA:455,1
DA:456,1
DA:457,1
DA:458,1
DA:459,1
DA:460,1
DA:461,1
DA:462,1
DA:463,1
DA:464,1
DA:465,1
DA:466,1
DA:467,1
DA:468,1
DA:469,1
DA:471,1
DA:472,1
DA:474,23
DA:475,0
DA:476,0
DA:477,0
DA:478,0
DA:479,0
DA:481,23
DA:483,23
LF:399
LH:287
BRDA:19,0,0,23
BRDA:68,1,0,14
BRDA:68,2,0,8
BRDA:69,3,0,14
BRDA:69,4,0,8
BRDA:74,5,0,4
BRDA:272,6,0,8
BRDA:272,7,0,14
BRDA:273,8,0,0
BRDA:273,9,0,14
BRDA:275,10,0,0
BRDA:285,11,0,14
BRDA:286,12,0,14
BRDA:291,13,0,5
BRDA:295,14,0,0
BRDA:301,15,0,0
BRDA:321,16,0,14
BRDA:324,17,0,0
BRDA:332,18,0,0
BRDA:332,19,0,14
BRDA:333,20,0,1
BRDA:333,21,0,13
BRDA:335,22,0,0
BRDA:353,23,0,0
BRDA:360,24,0,6
BRDA:360,25,0,8
BRDA:361,26,0,6
BRDA:361,27,0,8
BRDA:363,28,0,0
BRDA:364,29,0,14
BRDA:365,30,0,0
BRDA:366,31,0,0
BRDA:366,32,0,0
BRDA:369,33,0,5
BRDA:369,34,0,9
BRDA:370,35,0,5
BRDA:370,36,0,9
BRDA:374,37,0,14
BRDA:374,38,0,14
BRDA:374,39,0,0
BRDA:374,40,0,4
BRDA:374,41,0,10
BRDA:375,42,0,14
BRDA:375,43,0,14
BRDA:375,44,0,0
BRDA:375,45,0,4
BRDA:375,46,0,10
BRDA:381,47,0,14
BRDA:406,48,0,0
BRDA:412,49,0,0
BRDA:415,50,0,0
BRDA:417,51,0,0
BRDA:417,52,0,0
BRDA:421,53,0,0
BRDA:426,54,0,5
BRDA:427,55,0,0
BRDA:428,56,0,0
BRDA:429,57,0,0
BRDA:432,58,0,0
BRDA:454,59,0,1
BRDA:465,60,0,0
BRDA:474,61,0,0
BRDA:48,62,0,2
BRDA:50,63,0,2
BRDA:56,64,0,1
BRDA:57,65,0,0
BRDA:59,66,0,0
BRDA:76,67,0,5
BRDA:77,68,0,1
BRDA:77,69,0,1
BRDA:80,70,0,0
BRDA:81,71,0,0
BRDA:82,72,0,0
BRDA:84,73,0,0
BRDA:88,74,0,1
BRDA:89,75,0,0
BRDA:95,76,0,1
BRDA:96,77,0,0
BRDA:101,78,0,0
BRDA:115,79,0,18
BRDA:116,80,0,4
BRDA:116,81,0,1
BRDA:116,82,0,1
BRDA:119,83,0,0
BRDA:119,84,0,0
BRDA:119,85,0,0
BRDA:125,86,0,4
BRDA:145,87,0,4
BRDA:155,88,0,0
BRDA:160,89,0,0
BRDA:162,90,0,0
BRDA:148,91,0,4
BRDA:166,92,0,4
BRDA:169,93,0,3
BRDA:173,94,0,1
BRDA:177,95,0,0
BRDA:177,96,0,1
BRDA:199,97,0,1
BRDA:202,98,0,1
BRDA:206,99,0,0
BRDA:208,100,0,0
BRDA:211,101,0,0
BRDA:227,102,0,0
BRDA:222,103,0,1
BRDA:270,104,0,14
BRDA:366,105,0,14
BRDA:386,106,0,1
BRDA:388,107,0,0
BRDA:399,108,0,0
BRDA:401,109,0,0
BRDA:440,110,0,9
BRF:111
BRH:62
end_of_record
TN:
SF:src/pages/Login.jsx
FN:6,Login
FN:14,handleSubmit
FN:40,onChange
FN:44,onChange
FNF:4
FNH:4
FNDA:44,Login
FNDA:2,handleSubmit
FNDA:26,onChange
FNDA:11,onChange
DA:1,1
DA:6,44
DA:7,44
DA:8,44
DA:9,44
DA:10,44
DA:11,44
DA:12,44
DA:14,44
DA:15,2
DA:16,2
DA:17,2
DA:18,2
DA:19,2
DA:20,0
DA:21,2
DA:22,1
DA:23,1
DA:24,1
DA:25,1
DA:26,2
DA:28,44
DA:29,44
DA:30,44
DA:31,44
DA:32,44
DA:33,44
DA:34,44
DA:35,44
DA:36,44
DA:37,44
DA:38,44
DA:39,44
DA:40,44
DA:41,44
DA:42,44
DA:43,44
DA:44,44
DA:45,44
DA:46,44
DA:47,44
DA:48,44
DA:49,44
DA:50,44
DA:51,44
DA:52,44
DA:53,44
DA:54,44
DA:56,44
LF:49
LH:48
BRDA:6,0,0,44
BRDA:36,1,0,1
BRDA:47,2,0,2
BRDA:47,3,0,42
BRDA:14,4,0,2
BRDA:19,5,0,0
BRDA:21,6,0,1
BRDA:40,7,0,26
BRDA:44,8,0,11
BRF:9
BRH:8
end_of_record
TN:
SF:src/pages/Profile.jsx
FN:6,Profile
FNF:1
FNH:1
FNDA:8,Profile
DA:1,1
DA:6,8
DA:7,8
DA:8,8
DA:9,8
DA:10,8
DA:12,8
DA:13,4
DA:14,4
DA:15,4
DA:16,4
DA:17,4
DA:18,4
DA:19,4
DA:20,4
DA:21,8
DA:23,8
DA:24,8
DA:25,8
DA:27,8
DA:28,8
DA:29,8
DA:30,8
DA:31,8
DA:32,8
DA:33,8
DA:34,8
DA:35,8
DA:36,8
DA:37,8
DA:39,8
DA:40,8
DA:41,8
DA:42,8
DA:43,8
DA:44,8
DA:45,8
DA:46,8
DA:47,8
DA:48,8
DA:49,8
DA:50,8
DA:51,8
DA:52,8
DA:53,8
DA:54,8
DA:55,8
DA:56,8
DA:57,8
DA:58,8
DA:59,8
DA:60,8
DA:61,8
DA:62,8
DA:63,8
DA:64,8
DA:65,8
DA:67,8
DA:68,8
DA:69,8
DA:70,4
DA:71,4
DA:72,1
DA:74,3
DA:75,3
DA:76,6
DA:77,6
DA:78,6
DA:79,6
DA:80,3
DA:81,3
DA:83,8
DA:84,8
DA:86,8
LF:74
LH:74
BRDA:6,0,0,8
BRDA:31,1,0,0
BRDA:42,2,0,0
BRDA:47,3,0,0
BRDA:62,4,0,0
BRDA:69,5,0,4
BRDA:70,6,0,4
BRDA:71,7,0,1
BRDA:72,8,0,3
BRDA:12,9,0,4
BRDA:16,10,0,4
BRDA:20,11,0,4
BRDA:23,12,0,12
BRDA:24,13,0,12
BRDA:75,14,0,6
BRF:15
BRH:11
end_of_record
TN:
SF:src/pages/Register.jsx
FN:6,Register
FN:15,handleSubmit
FN:45,onChange
FN:49,onChange
FN:53,onChange
FNF:5
FNH:5
FNDA:54,Register
FNDA:2,handleSubmit
FNDA:8,onChange
FNDA:30,onChange
FNDA:9,onChange
DA:1,1
DA:6,54
DA:7,54
DA:8,54
DA:9,54
DA:10,54
DA:11,54
DA:12,54
DA:13,54
DA:15,54
DA:16,2
DA:17,2
DA:18,2
DA:19,1
DA:20,1
DA:21,1
DA:22,1
DA:23,1
DA:24,1
DA:25,0
DA:26,2
DA:27,1
DA:28,1
DA:29,1
DA:30,1
DA:31,2
DA:33,54
DA:34,54
DA:35,54
DA:36,54
DA:37,54
DA:38,54
DA:39,54
DA:40,54
DA:41,54
DA:42,54
DA:43,54
DA:44,54
DA:45,54
DA:46,54
DA:47,54
DA:48,54
DA:49,54
DA:50,54
DA:51,54
DA:52,54
DA:53,54
DA:54,54
DA:55,54
DA:56,54
DA:57,54
DA:58,54
DA:59,54
DA:60,54
DA:61,54
DA:62,54
DA:63,54
DA:65,54
LF:58
LH:57
BRDA:6,0,0,54
BRDA:41,1,0,2
BRDA:56,2,0,1
BRDA:56,3,0,53
BRDA:15,4,0,2
BRDA:18,5,0,1
BRDA:24,6,0,0
BRDA:26,7,0,1
BRDA:45,8,0,8
BRDA:49,9,0,30
BRDA:53,10,0,9
BRF:11
BRH:10
end_of_record
TN:
SF:src/pages/Tutorial.jsx
FN:53,Tutorial
FN:87,handleFinish
FN:95,handleSkip
FN:101,handleKeyDown
FNF:4
FNH:1
FNDA:12,Tutorial
FNDA:0,handleFinish
FNDA:0,handleSkip
FNDA:0,handleKeyDown
DA:1,1
DA:8,1
DA:9,1
DA:10,1
DA:11,1
DA:12,1
DA:13,1
DA:14,1
DA:15,1
DA:16,1
DA:17,1
DA:18,1
DA:19,1
DA:20,1
DA:21,1
DA:22,1
DA:23,1
DA:24,1
DA:25,1
DA:26,1
DA:27,1
DA:28,1
DA:29,1
DA:30,1
DA:31,1
DA:32,1
DA:33,1
DA:34,1
DA:35,1
DA:36,1
DA:37,1
DA:38,1
DA:39,1
DA:40,1
DA:41,1
DA:42,1
DA:43,1
DA:44,1
DA:45,1
DA:46,1
DA:47,1
DA:48,1
DA:49,1
DA:50,1
DA:51,1
DA:53,12
DA:54,12
DA:55,12
DA:56,12
DA:57,12
DA:58,12
DA:60,12
DA:62,12
DA:63,12
DA:64,12
DA:65,12
DA:66,12
DA:68,12
DA:69,12
DA:70,12
DA:71,12
DA:72,6
DA:73,6
DA:74,12
DA:75,12
DA:76,12
DA:77,12
DA:79,12
DA:80,7
DA:81,7
DA:82,7
DA:83,0
DA:84,0
DA:85,12
DA:87,12
DA:88,0
DA:89,0
DA:90,0
DA:91,0
DA:92,0
DA:93,0
DA:95,12
DA:96,0
DA:97,0
DA:98,0
DA:100,12
DA:101,5
DA:102,0
DA:103,0
DA:104,5
DA:105,5
DA:106,12
DA:108,12
DA:110,12
DA:111,12
DA:112,12
DA:113,12
DA:114,12
DA:115,84
DA:116,12
DA:117,12
DA:119,12
DA:120,12
DA:121,12
DA:123,12
DA:124,12
DA:126,12
DA:127,12
DA:128,12
DA:129,12
DA:130,12
DA:132,12
DA:133,12
DA:134,12
DA:135,12
DA:136,12
DA:138,12
LF:117
LH:104
BRDA:53,0,0,12
BRDA:108,1,0,0
BRDA:128,2,0,11
BRDA:128,3,0,1
BRDA:62,4,0,12
BRDA:68,5,0,12
BRDA:71,6,0,6
BRDA:74,7,0,12
BRDA:79,8,0,7
BRDA:82,9,0,0
BRDA:81,10,0,7
BRDA:100,11,0,5
BRDA:105,12,0,5
BRDA:114,13,0,84
BRDA:115,14,0,12
BRDA:115,15,0,72
BRDA:115,16,0,22
BRDA:115,17,0,62
BRF:18
BRH:16
end_of_record
TN:
SF:src/services/api.js
FN:4,onRefreshed
FN:9,addRefreshSubscriber
FN:13,request
FN:77,updateProgressWithRetry
FN:95,register
FN:96,login
FN:97,refresh
FN:98,logout
FN:99,me
FN:102,list
FN:103,lessons
FN:104,getLesson
FN:107,update
FN:108,get
FN:109,achievements
FN:110,unlockAchievement
FN:113,emoji
FN:114,word
FNF:18
FNH:5
FNDA:0,onRefreshed
FNDA:0,addRefreshSubscriber
FNDA:6,request
FNDA:0,updateProgressWithRetry
FNDA:2,register
FNDA:2,login
FNDA:0,refresh
FNDA:0,logout
FNDA:1,me
FNDA:1,list
FNDA:0,lessons
FNDA:0,getLesson
FNDA:0,update
FNDA:0,get
FNDA:0,achievements
FNDA:0,unlockAchievement
FNDA:0,emoji
FNDA:0,word
DA:1,1
DA:2,1
DA:4,0
DA:5,0
DA:6,0
DA:7,0
DA:9,0
DA:10,0
DA:11,0
DA:13,6
DA:14,6
DA:15,6
DA:16,6
DA:17,1
DA:18,1
DA:19,6
DA:20,6
DA:21,0
DA:22,0
DA:23,0
DA:24,0
DA:25,0
DA:26,0
DA:27,0
DA:28,0
DA:29,0
DA:30,0
DA:31,0
DA:32,0
DA:33,0
DA:34,0
DA:35,0
DA:36,0
DA:37,0
DA:38,0
DA:39,0
DA:40,0
DA:41,0
DA:42,0
DA:43,0
DA:44,0
DA:45,0
DA:46,0
DA:47,0
DA:48,0
DA:49,0
DA:50,0
DA:51,0
DA:52,0
DA:53,0
DA:54,0
DA:55,0
DA:56,0
DA:57,0
DA:58,0
DA:59,0
DA:60,0
DA:61,0
DA:62,0
DA:63,0
DA:64,0
DA:65,6
DA:66,1
DA:67,1
DA:68,0
DA:69,0
DA:70,1
DA:71,1
DA:72,5
DA:73,5
DA:75,1
DA:77,1
DA:78,0
DA:79,0
DA:80,0
DA:81,0
DA:82,0
DA:83,0
DA:84,0
DA:85,0
DA:86,0
DA:87,0
DA:88,0
DA:89,0
DA:90,0
DA:91,0
DA:93,1
DA:94,1
DA:95,1
DA:96,1
DA:97,1
DA:98,1
DA:99,1
DA:100,1
DA:101,1
DA:102,1
DA:103,1
DA:104,1
DA:105,1
DA:106,1
DA:107,1
DA:108,1
DA:109,1
DA:110,1
DA:111,1
DA:112,1
DA:113,1
DA:114,1
DA:115,1
DA:116,1
LF:110
LH:43
BRDA:13,0,0,6
BRDA:16,1,0,1
BRDA:20,2,0,0
BRDA:20,3,0,0
BRDA:65,4,0,1
BRDA:67,5,0,0
BRDA:70,6,0,0
BRDA:71,7,0,5
BRDA:95,8,0,2
BRDA:96,9,0,2
BRDA:99,10,0,1
BRDA:102,11,0,1
BRF:12
BRH:8
end_of_record
